0 info it worked if it ends with ok
1 verbose cli [ 'C:\\Program Files (x86)\\nodejs\\node.exe',
1 verbose cli   'C:\\Program Files (x86)\\nodejs\\node_modules\\npm\\bin\\npm-cli.js',
1 verbose cli   'run',
1 verbose cli   'dev' ]
2 info using npm@3.10.10
3 info using node@v7.2.1
4 verbose run-script [ 'predev', 'dev', 'postdev' ]
5 info lifecycle dummy@1.0.0~predev: dummy@1.0.0
6 silly lifecycle dummy@1.0.0~predev: no script for predev, continuing
7 info lifecycle dummy@1.0.0~dev: dummy@1.0.0
8 verbose lifecycle dummy@1.0.0~dev: unsafe-perm in lifecycle true
9 verbose lifecycle dummy@1.0.0~dev: PATH: C:\Program Files (x86)\nodejs\node_modules\npm\bin\node-gyp-bin;C:\Users\jdonnelly\Desktop\GitHub\xiv-achievements\node_modules\.bin;C:\WINDOWS\system32;C:\WINDOWS;C:\WINDOWS\System32\Wbem;C:\WINDOWS\System32\WindowsPowerShell\v1.0\;C:\Program Files (x86)\Windows Kits\8.1\Windows Performance Toolkit\;C:\Program Files\Microsoft SQL Server\110\Tools\Binn\;C:\Program Files\Microsoft SQL Server\Client SDK\ODBC\110\Tools\Binn\;C:\Program Files (x86)\Microsoft SQL Server\120\Tools\Binn\;C:\Program Files\Microsoft SQL Server\120\Tools\Binn\;C:\Program Files\Microsoft SQL Server\120\DTS\Binn\;C:\Program Files (x86)\Microsoft SQL Server\120\Tools\Binn\ManagementStudio\;C:\Program Files (x86)\Microsoft SQL Server\120\DTS\Binn\;C:\Program Files (x86)\Microsoft SDKs\TypeScript\1.0\;C:\Python34;C:\Program Files (x86)\Skype\Phone\;C:\Program Files\TortoiseSVN\bin;C:\Program Files\Microsoft\Web Platform Installer\;C:\Program Files (x86)\Microsoft ASP.NET\ASP.NET Web Pages\v1.0\;C:\Program Files (x86)\nodejs\;C:\Ruby21-x64\bin;C:\Program Files (x86)\Microsoft VS Code\bin;C:\Users\jdonnelly\AppData\Local\Microsoft\WindowsApps;C:\Users\jdonnelly\AppData\Roaming\npm
10 verbose lifecycle dummy@1.0.0~dev: CWD: C:\Users\jdonnelly\Desktop\GitHub\xiv-achievements
11 silly lifecycle dummy@1.0.0~dev: Args: [ '/d /s /c',
11 silly lifecycle   'webpack-dev-server --port 81 --content-base src' ]
12 silly lifecycle dummy@1.0.0~dev: Returned: code: 3221225786  signal: null
13 info lifecycle dummy@1.0.0~dev: Failed to exec dev script
14 verbose stack Error: dummy@1.0.0 dev: `webpack-dev-server --port 81 --content-base src`
14 verbose stack Exit status 3221225786
14 verbose stack     at EventEmitter.<anonymous> (C:\Program Files (x86)\nodejs\node_modules\npm\lib\utils\lifecycle.js:255:16)
14 verbose stack     at emitTwo (events.js:106:13)
14 verbose stack     at EventEmitter.emit (events.js:191:7)
14 verbose stack     at ChildProcess.<anonymous> (C:\Program Files (x86)\nodejs\node_modules\npm\lib\utils\spawn.js:40:14)
14 verbose stack     at emitTwo (events.js:106:13)
14 verbose stack     at ChildProcess.emit (events.js:191:7)
14 verbose stack     at maybeClose (internal/child_process.js:885:16)
14 verbose stack     at Process.ChildProcess._handle.onexit (internal/child_process.js:226:5)
15 verbose pkgid dummy@1.0.0
16 verbose cwd C:\Users\jdonnelly\Desktop\GitHub\xiv-achievements
17 error Windows_NT 10.0.14393
18 error argv "C:\\Program Files (x86)\\nodejs\\node.exe" "C:\\Program Files (x86)\\nodejs\\node_modules\\npm\\bin\\npm-cli.js" "run" "dev"
19 error node v7.2.1
20 error npm  v3.10.10
21 error code ELIFECYCLE
22 error dummy@1.0.0 dev: `webpack-dev-server --port 81 --content-base src`
22 error Exit status 3221225786
23 error Failed at the dummy@1.0.0 dev script 'webpack-dev-server --port 81 --content-base src'.
23 error Make sure you have the latest version of node.js and npm installed.
23 error If you do, this is most likely a problem with the dummy package,
23 error not with npm itself.
23 error Tell the author that this fails on your system:
23 error     webpack-dev-server --port 81 --content-base src
23 error You can get information on how to open an issue for this project with:
23 error     npm bugs dummy
23 error Or if that isn't available, you can get their info via:
23 error     npm owner ls dummy
23 error There is likely additional logging output above.
24 verbose exit [ 1, true ]
